Build started 10/10/2012 3:25:35 PM.
     1>Project "c:\Users\timlav\documents\visual studio 2012\Projects\SimplePhoneSocketClient\WinsockClient\WinsockClient.vcxproj" on node 2 (Build target(s)).
     1>ClCompile:
         C:\Program Files (x86)\Microsoft Visual Studio 11.0\VC\WPSDK\WP80\bin\CL.exe /c /I"c:\Users\timlav\documents\visual studio 2012\Projects\SimplePhoneSocketClient\WinsockClient\\" /I"Generated Files\\" /IDebug\ /AI"C:\Program Files (x86)\Windows Phone Kits\8.0\Windows Metadata" /ZI /ZW /ZW:nostdlib /nologo /W3 /WX- /sdl /MP /Od /Oy- /D _WINRT_DLL /D _WINDLL /D _UNICODE /D UNICODE /D _DEBUG /D WINAPI_FAMILY=WINAPI_FAMILY_PHONE_APP /Gm- /EHsc /RTC1 /MDd /GS /fp:precise /Zc:wchar_t /Zc:forScope /Yu"pch.h" /Fp"Debug\WinsockClient.pch" /Fo"Debug\\" /Fd"Debug\vc110.pdb" /Gd /TP /FU"C:\Program Files (x86)\Microsoft Visual Studio 11.0\VC\WPSDK\WP80\lib\platform.winmd" /FU"C:\Program Files (x86)\Windows Phone Kits\8.0\Windows Metadata\Windows.winmd" /analyze- /errorReport:prompt WinsockClient.cpp
         WinsockClient.cpp
     1>c:\users\timlav\documents\visual studio 2012\projects\simplephonesocketclient\winsockclient\winsockclient.cpp(29): warning C4101: 's' : unreferenced local variable
       Link:
         C:\Program Files (x86)\Microsoft Visual Studio 11.0\VC\WPSDK\WP80\bin\link.exe /ERRORREPORT:PROMPT /OUT:"c:\users\timlav\documents\visual studio 2012\Projects\SimplePhoneSocketClient\Debug\WinsockClient\WinsockClient.dll" /INCREMENTAL /NOLOGO WindowsPhoneCore.lib RuntimeObject.lib PhoneAppModelHost.lib /NODEFAULTLIB:ole32.lib /MANIFEST:NO /DEBUG /PDB:"c:\users\timlav\documents\visual studio 2012\Projects\SimplePhoneSocketClient\Debug\WinsockClient\WinsockClient.pdb" /SUBSYSTEM:CONSOLE /TLBID:1 /WINMD /WINMDFILE:"c:\users\timlav\documents\visual studio 2012\Projects\SimplePhoneSocketClient\Debug\WinsockClient\WinsockClient.winmd" /DYNAMICBASE /NXCOMPAT /MACHINE:X86 /DLL Debug\WinsockClient.obj
         Debug\pch.obj
            Creating library c:\users\timlav\documents\visual studio 2012\Projects\SimplePhoneSocketClient\Debug\WinsockClient\WinsockClient.lib and object c:\users\timlav\documents\visual studio 2012\Projects\SimplePhoneSocketClient\Debug\WinsockClient\WinsockClient.exp
     1>WinsockClient.obj : error LNK2019: unresolved external symbol __imp__closesocket@4 referenced in function "private: int __cdecl WinsockClient::CWinsockClient::SocketClient(void)" (?SocketClient@CWinsockClient@WinsockClient@@A$AAAHXZ)
     1>WinsockClient.obj : error LNK2019: unresolved external symbol __imp__connect@12 referenced in function "private: int __cdecl WinsockClient::CWinsockClient::SocketClient(void)" (?SocketClient@CWinsockClient@WinsockClient@@A$AAAHXZ)
     1>WinsockClient.obj : error LNK2019: unresolved external symbol __imp__recv@16 referenced in function "private: int __cdecl WinsockClient::CWinsockClient::SocketClient(void)" (?SocketClient@CWinsockClient@WinsockClient@@A$AAAHXZ)
     1>WinsockClient.obj : error LNK2019: unresolved external symbol __imp__socket@12 referenced in function "private: int __cdecl WinsockClient::CWinsockClient::SocketClient(void)" (?SocketClient@CWinsockClient@WinsockClient@@A$AAAHXZ)
     1>WinsockClient.obj : error LNK2019: unresolved external symbol __imp__WSAStartup@8 referenced in function "private: int __cdecl WinsockClient::CWinsockClient::SocketClient(void)" (?SocketClient@CWinsockClient@WinsockClient@@A$AAAHXZ)
     1>WinsockClient.obj : error LNK2019: unresolved external symbol __imp__getaddrinfo@16 referenced in function "private: int __cdecl WinsockClient::CWinsockClient::SocketClient(void)" (?SocketClient@CWinsockClient@WinsockClient@@A$AAAHXZ)
     1>WinsockClient.obj : error LNK2019: unresolved external symbol __imp__freeaddrinfo@4 referenced in function "private: int __cdecl WinsockClient::CWinsockClient::SocketClient(void)" (?SocketClient@CWinsockClient@WinsockClient@@A$AAAHXZ)
     1>c:\users\timlav\documents\visual studio 2012\Projects\SimplePhoneSocketClient\Debug\WinsockClient\WinsockClient.dll : fatal error LNK1120: 7 unresolved externals
     1>Done Building Project "c:\Users\timlav\documents\visual studio 2012\Projects\SimplePhoneSocketClient\WinsockClient\WinsockClient.vcxproj" (Build target(s)) -- FAILED.

Build FAILED.

Time Elapsed 00:00:01.15
