C:\USERS\TIMLAV\DESKTOP\BUILD DEMOS\SIMPLEPHONESOCKETCLIENT\WINSOCKCLIENT\ARM\DEBUG\WINSOCKCLIENT.PCH
C:\USERS\TIMLAV\DESKTOP\BUILD DEMOS\SIMPLEPHONESOCKETCLIENT\WINSOCKCLIENT\ARM\DEBUG\PCH.OBJ
C:\USERS\TIMLAV\DESKTOP\BUILD DEMOS\SIMPLEPHONESOCKETCLIENT\WINSOCKCLIENT\ARM\DEBUG\VC110.PDB
C:\USERS\TIMLAV\DESKTOP\BUILD DEMOS\SIMPLEPHONESOCKETCLIENT\WINSOCKCLIENT\ARM\DEBUG\WINSOCKCLIENT.OBJ
C:\USERS\TIMLAV\DESKTOP\BUILD DEMOS\SIMPLEPHONESOCKETCLIENT\ARM\DEBUG\WINSOCKCLIENT\WINSOCKCLIENT.ILK
C:\USERS\TIMLAV\DESKTOP\BUILD DEMOS\SIMPLEPHONESOCKETCLIENT\ARM\DEBUG\WINSOCKCLIENT\WINSOCKCLIENT.DLL
C:\USERS\TIMLAV\DESKTOP\BUILD DEMOS\SIMPLEPHONESOCKETCLIENT\ARM\DEBUG\WINSOCKCLIENT\WINSOCKCLIENT.WINMD
C:\USERS\TIMLAV\DESKTOP\BUILD DEMOS\SIMPLEPHONESOCKETCLIENT\ARM\DEBUG\WINSOCKCLIENT\WINSOCKCLIENT.PDB
C:\Users\timlav\Desktop\BUILD DEMOS\SimplePhoneSocketClient\ARM\Debug\WinsockClient\WinsockClient.lib
C:\Users\timlav\Desktop\BUILD DEMOS\SimplePhoneSocketClient\ARM\Debug\WinsockClient\WinsockClient.exp
C:\Users\timlav\Desktop\BUILD DEMOS\SimplePhoneSocketClient\WinsockClient\ARM\Debug\WinsockClient.vcxprojResolveAssemblyReference.cache
C:\Users\timlav\Desktop\BUILD DEMOS\SimplePhoneSocketClient\WinsockClient\ARM\Debug\pch.obj
C:\Users\timlav\Desktop\BUILD DEMOS\SimplePhoneSocketClient\WinsockClient\ARM\Debug\WinsockClient.obj
C:\Users\timlav\Desktop\BUILD DEMOS\SimplePhoneSocketClient\WinsockClient\ARM\Debug\cl.command.1.tlog
C:\Users\timlav\Desktop\BUILD DEMOS\SimplePhoneSocketClient\WinsockClient\ARM\Debug\CL.read.1.tlog
C:\Users\timlav\Desktop\BUILD DEMOS\SimplePhoneSocketClient\WinsockClient\ARM\Debug\CL.write.1.tlog
C:\Users\timlav\Desktop\BUILD DEMOS\SimplePhoneSocketClient\WinsockClient\ARM\Debug\link.6696.read.1.tlog
C:\Users\timlav\Desktop\BUILD DEMOS\SimplePhoneSocketClient\WinsockClient\ARM\Debug\link.6696.write.1.tlog
C:\Users\timlav\Desktop\BUILD DEMOS\SimplePhoneSocketClient\WinsockClient\ARM\Debug\link.command.1.tlog
C:\Users\timlav\Desktop\BUILD DEMOS\SimplePhoneSocketClient\WinsockClient\ARM\Debug\link.read.1.tlog
C:\Users\timlav\Desktop\BUILD DEMOS\SimplePhoneSocketClient\WinsockClient\ARM\Debug\link.write.1.tlog
C:\Users\timlav\Desktop\BUILD DEMOS\SimplePhoneSocketClient\WinsockClient\ARM\Debug\WinsockClient.write.1.tlog
C:\Users\timlav\Desktop\BUILD DEMOS\SimplePhoneSocketClient\WinsockClient\ARM\Debug\WinsockClient.pch
C:\Users\timlav\Desktop\BUILD DEMOS\SimplePhoneSocketClient\WinsockClient\ARM\Debug\vc110.pdb
C:\Users\timlav\Desktop\BUILD DEMOS\SimplePhoneSocketClient\ARM\Debug\WinsockClient\WinsockClient.pdb
C:\Users\timlav\Desktop\BUILD DEMOS\SimplePhoneSocketClient\ARM\Debug\WinsockClient\WinsockClient.dll
C:\Users\timlav\Desktop\BUILD DEMOS\SimplePhoneSocketClient\ARM\Debug\WinsockClient\WinsockClient.ilk
