C:\USERS\TIMLAV\DESKTOP\BUILD DEMOS\SIMPLEPHONESOCKETLISTENER\WINSOCKLISTENER\ARM\DEBUG\WINSOCKLISTENER.PCH
C:\USERS\TIMLAV\DESKTOP\BUILD DEMOS\SIMPLEPHONESOCKETLISTENER\WINSOCKLISTENER\ARM\DEBUG\PCH.OBJ
C:\USERS\TIMLAV\DESKTOP\BUILD DEMOS\SIMPLEPHONESOCKETLISTENER\WINSOCKLISTENER\ARM\DEBUG\VC110.PDB
C:\USERS\TIMLAV\DESKTOP\BUILD DEMOS\SIMPLEPHONESOCKETLISTENER\WINSOCKLISTENER\ARM\DEBUG\WINSOCKLISTENER.OBJ
C:\USERS\TIMLAV\DESKTOP\BUILD DEMOS\SIMPLEPHONESOCKETLISTENER\ARM\DEBUG\WINSOCKLISTENER\WINSOCKLISTENER.ILK
C:\USERS\TIMLAV\DESKTOP\BUILD DEMOS\SIMPLEPHONESOCKETLISTENER\ARM\DEBUG\WINSOCKLISTENER\WINSOCKLISTENER.DLL
C:\USERS\TIMLAV\DESKTOP\BUILD DEMOS\SIMPLEPHONESOCKETLISTENER\ARM\DEBUG\WINSOCKLISTENER\WINSOCKLISTENER.WINMD
C:\USERS\TIMLAV\DESKTOP\BUILD DEMOS\SIMPLEPHONESOCKETLISTENER\ARM\DEBUG\WINSOCKLISTENER\WINSOCKLISTENER.PDB
C:\Users\timlav\Desktop\BUILD DEMOS\SimplePhoneSocketListener\ARM\Debug\WinsockListener\WinsockListener.lib
C:\Users\timlav\Desktop\BUILD DEMOS\SimplePhoneSocketListener\ARM\Debug\WinsockListener\WinsockListener.exp
C:\Users\timlav\Desktop\BUILD DEMOS\SimplePhoneSocketListener\WinsockListener\ARM\Debug\WinsockListener.vcxprojResolveAssemblyReference.cache
C:\Users\timlav\Desktop\BUILD DEMOS\SimplePhoneSocketListener\WinsockListener\ARM\Debug\pch.obj
C:\Users\timlav\Desktop\BUILD DEMOS\SimplePhoneSocketListener\WinsockListener\ARM\Debug\WinsockListener.obj
C:\Users\timlav\Desktop\BUILD DEMOS\SimplePhoneSocketListener\WinsockListener\ARM\Debug\cl.command.1.tlog
C:\Users\timlav\Desktop\BUILD DEMOS\SimplePhoneSocketListener\WinsockListener\ARM\Debug\CL.read.1.tlog
C:\Users\timlav\Desktop\BUILD DEMOS\SimplePhoneSocketListener\WinsockListener\ARM\Debug\CL.write.1.tlog
C:\Users\timlav\Desktop\BUILD DEMOS\SimplePhoneSocketListener\WinsockListener\ARM\Debug\link.13260.read.1.tlog
C:\Users\timlav\Desktop\BUILD DEMOS\SimplePhoneSocketListener\WinsockListener\ARM\Debug\link.13260.write.1.tlog
C:\Users\timlav\Desktop\BUILD DEMOS\SimplePhoneSocketListener\WinsockListener\ARM\Debug\link.13776.read.1.tlog
C:\Users\timlav\Desktop\BUILD DEMOS\SimplePhoneSocketListener\WinsockListener\ARM\Debug\link.13776.write.1.tlog
C:\Users\timlav\Desktop\BUILD DEMOS\SimplePhoneSocketListener\WinsockListener\ARM\Debug\link.13876.read.1.tlog
C:\Users\timlav\Desktop\BUILD DEMOS\SimplePhoneSocketListener\WinsockListener\ARM\Debug\link.13876.write.1.tlog
C:\Users\timlav\Desktop\BUILD DEMOS\SimplePhoneSocketListener\WinsockListener\ARM\Debug\link.17508.read.1.tlog
C:\Users\timlav\Desktop\BUILD DEMOS\SimplePhoneSocketListener\WinsockListener\ARM\Debug\link.17508.write.1.tlog
C:\Users\timlav\Desktop\BUILD DEMOS\SimplePhoneSocketListener\WinsockListener\ARM\Debug\link.5564.read.1.tlog
C:\Users\timlav\Desktop\BUILD DEMOS\SimplePhoneSocketListener\WinsockListener\ARM\Debug\link.5564.write.1.tlog
C:\Users\timlav\Desktop\BUILD DEMOS\SimplePhoneSocketListener\WinsockListener\ARM\Debug\link.command.1.tlog
C:\Users\timlav\Desktop\BUILD DEMOS\SimplePhoneSocketListener\WinsockListener\ARM\Debug\link.read.1.tlog
C:\Users\timlav\Desktop\BUILD DEMOS\SimplePhoneSocketListener\WinsockListener\ARM\Debug\link.write.1.tlog
C:\Users\timlav\Desktop\BUILD DEMOS\SimplePhoneSocketListener\WinsockListener\ARM\Debug\WinsockListener.write.1.tlog
C:\Users\timlav\Desktop\BUILD DEMOS\SimplePhoneSocketListener\WinsockListener\ARM\Debug\WinsockListener.pch
C:\Users\timlav\Desktop\BUILD DEMOS\SimplePhoneSocketListener\WinsockListener\ARM\Debug\vc110.pdb
C:\Users\timlav\Desktop\BUILD DEMOS\SimplePhoneSocketListener\ARM\Debug\WinsockListener\WinsockListener.pdb
C:\Users\timlav\Desktop\BUILD DEMOS\SimplePhoneSocketListener\ARM\Debug\WinsockListener\WinsockListener.dll
C:\Users\timlav\Desktop\BUILD DEMOS\SimplePhoneSocketListener\ARM\Debug\WinsockListener\WinsockListener.ilk
